SF:lib/utils/prayer_times.dart
DA:65,1
DA:66,1
DA:67,1
DA:68,1
DA:69,1
DA:70,1
DA:73,1
DA:74,1
DA:75,1
DA:76,1
DA:77,1
DA:78,1
DA:79,1
DA:80,1
DA:83,1
DA:84,1
DA:87,1
DA:88,1
DA:89,1
DA:90,1
DA:93,1
DA:94,1
DA:95,1
DA:96,1
DA:99,2
DA:100,2
DA:101,2
DA:102,2
DA:103,2
DA:104,2
DA:105,2
DA:106,2
DA:108,1
DA:112,1
DA:118,2
DA:119,2
DA:120,2
DA:121,2
DA:122,2
DA:123,2
DA:124,2
DA:125,2
DA:134,2
DA:137,1
DA:138,3
DA:141,1
DA:142,3
DA:145,1
DA:146,3
DA:149,1
DA:150,3
DA:153,1
DA:154,3
DA:157,1
DA:158,3
DA:161,1
DA:162,3
DA:165,1
DA:166,3
DA:172,0
DA:173,0
DA:174,0
DA:181,0
DA:182,0
DA:183,0
DA:188,0
DA:189,0
DA:193,0
DA:194,0
DA:198,0
DA:199,0
DA:203,0
DA:204,0
DA:208,0
DA:209,0
DA:213,0
DA:214,0
DA:215,0
DA:219,0
DA:220,0
DA:221,0
DA:225,0
DA:226,0
DA:227,0
DA:231,0
DA:232,0
DA:233,0
DA:261,0
DA:262,0
DA:263,0
DA:264,0
DA:266,0
DA:268,0
DA:270,0
DA:271,0
DA:272,0
DA:273,0
DA:299,0
DA:300,0
DA:301,0
DA:302,0
DA:303,0
DA:307,0
DA:308,0
DA:309,0
DA:310,0
DA:311,0
DA:312,0
DA:313,0
DA:314,0
DA:321,0
DA:322,0
DA:327,0
DA:328,0
DA:333,0
DA:334,0
DA:335,0
DA:340,0
DA:341,0
DA:342,0
DA:343,0
DA:344,0
DA:345,0
DA:347,0
DA:352,0
DA:353,0
DA:354,0
DA:355,0
DA:360,0
DA:361,0
DA:366,0
DA:368,0
DA:369,0
DA:370,0
DA:371,0
DA:372,0
DA:373,0
DA:374,0
DA:378,0
DA:380,0
DA:381,0
DA:382,0
DA:384,0
DA:388,0
DA:389,0
DA:390,0
DA:391,0
DA:392,0
DA:394,0
DA:397,0
DA:401,0
DA:402,0
DA:403,0
DA:407,0
DA:408,0
DA:409,0
DA:413,0
DA:414,0
DA:415,0
DA:419,0
DA:420,0
DA:421,0
DA:425,0
DA:426,0
DA:427,0
DA:431,0
DA:434,0
DA:435,0
DA:438,0
DA:439,0
DA:440,0
DA:442,0
DA:443,0
DA:444,0
DA:445,0
DA:446,0
DA:447,0
DA:449,0
DA:455,0
DA:456,0
DA:457,0
DA:460,0
DA:461,0
DA:462,0
DA:464,0
DA:469,0
DA:473,0
DA:474,0
DA:475,0
DA:476,0
DA:477,0
DA:478,0
DA:479,0
DA:481,0
DA:482,0
DA:483,0
DA:484,0
DA:485,0
DA:486,0
DA:488,0
DA:489,0
DA:490,0
DA:491,0
DA:492,0
DA:495,0
DA:496,0
DA:497,0
DA:498,0
DA:502,0
DA:503,0
DA:504,0
DA:505,0
DA:506,0
DA:507,0
DA:509,0
DA:516,0
DA:517,0
DA:522,0
DA:523,0
DA:526,0
DA:528,0
DA:530,0
DA:531,0
DA:532,0
DA:535,0
DA:537,0
DA:539,0
DA:545,0
DA:546,0
DA:548,0
DA:549,0
DA:552,0
DA:553,0
DA:555,0
DA:559,0
DA:560,0
DA:561,0
DA:564,0
DA:566,0
DA:567,0
DA:569,0
DA:570,0
DA:573,0
DA:574,0
DA:581,0
DA:582,0
DA:583,0
DA:584,0
DA:585,0
DA:590,0
DA:591,0
DA:592,0
DA:593,0
DA:594,0
DA:596,0
DA:603,0
DA:604,0
DA:608,0
DA:610,0
DA:611,0
DA:615,0
DA:616,0
DA:618,0
DA:620,0
DA:621,0
DA:622,0
DA:626,0
DA:627,0
DA:629,0
DA:631,0
DA:632,0
DA:633,0
DA:640,0
DA:643,0
DA:644,0
DA:645,0
DA:647,0
DA:653,0
DA:654,0
DA:655,0
DA:662,0
DA:663,0
DA:669,0
DA:673,0
DA:674,0
DA:675,0
DA:680,0
DA:681,0
DA:684,1
DA:685,1
DA:688,0
DA:689,0
DA:692,1
DA:693,1
DA:696,0
DA:697,0
DA:700,1
DA:701,1
DA:704,0
DA:705,0
DA:708,1
DA:709,1
DA:712,0
DA:713,0
DA:716,1
DA:717,1
DA:720,0
DA:721,0
DA:724,0
DA:725,0
DA:728,0
DA:729,0
DA:732,0
DA:733,0
DA:736,0
DA:737,0
DA:740,0
DA:741,0
DA:744,0
DA:745,0
DA:748,0
DA:749,0
DA:752,1
DA:753,1
DA:756,1
DA:757,1
DA:760,1
DA:761,1
DA:764,1
DA:765,1
DA:768,1
DA:769,1
DA:772,1
DA:773,1
DA:776,1
DA:777,1
DA:780,1
DA:781,1
DA:784,1
DA:785,1
DA:788,1
DA:789,1
DA:792,1
DA:793,1
DA:796,1
DA:797,1
DA:800,1
DA:801,1
DA:804,1
DA:805,1
DA:808,1
DA:809,1
DA:812,1
DA:813,1
DA:816,0
DA:817,0
DA:820,1
DA:821,1
DA:824,0
DA:825,0
DA:828,1
DA:829,1
DA:832,0
DA:833,0
DA:836,1
DA:837,1
DA:840,0
DA:841,0
DA:844,1
DA:845,1
DA:848,0
DA:849,0
DA:852,1
DA:853,1
DA:856,0
DA:857,0
DA:860,1
DA:861,1
DA:864,0
DA:865,0
DA:868,1
DA:869,1
DA:872,0
DA:873,0
DA:876,1
DA:877,1
DA:880,0
DA:881,0
DA:884,1
DA:885,1
DA:888,0
DA:889,0
DA:892,1
DA:893,1
DA:896,0
DA:897,0
DA:900,1
DA:901,1
DA:904,1
DA:905,1
LF:400
LH:125
end_of_record
